<?xml version="1.0" encoding="UTF-8"?>
<!-- Generated by org.testng.reporters.JUnitReportReporter -->
<testsuite hostname="DESKTOP-HNEP218" failures="0" tests="1" name="Comp_Loginpage.Login_page_Comp" time="1.349" errors="0" timestamp="2024-09-08T14:28:08 EEST" skipped="0">
  <testcase classname="Comp_Loginpage.Login_page_Comp" name="CheckIfUserLoginWithValidData" time="1.349"/>
</testsuite> <!-- Comp_Loginpage.Login_page_Comp -->
