<?xml version="1.0" encoding="UTF-8"?>
<!-- Generated by org.testng.reporters.JUnitReportReporter -->
<testsuite hostname="DESKTOP-HNEP218" failures="0" tests="1" name="Test_Loginpage.Login_page_Comp_Test" time="12.228" errors="0" timestamp="2024-09-26T19:17:19 EEST" skipped="0">
  <testcase classname="Test_Loginpage.Login_page_Comp_Test" name="TestLoginWithValidDataByJson" time="12.228"/>
</testsuite> <!-- Test_Loginpage.Login_page_Comp_Test -->
